New log file opened at Fri Dec 18 03:22:58 CET 2015 by 3207@camilo-N56JR
jvm 3207@camilo-N56JR
jvm vmName=Java HotSpot(TM) 64-Bit Server VM vmVendor=Oracle Corporation vmVersion=25.45-b02
jvm specName=Java Virtual Machine Specification specVendor=Oracle Corporation specVersion=1.8
jvm arguments: [-Xms256m, -Xmx1024m, -XX:MetaspaceSize=64m, -XX:MaxMetaspaceSize=256m]
Starting event engine
Starting sbt command engine
Waiting for sbt command engine
Command engine arguments=List()
Command engine baseDirectory=/home/camilo/playconf
Command engine initial remaining commands List(--initialize, onFailure load-failed, boot, server-send-ready-for-request, server-handle-next-server-request)
> --initialize
> initialize
> onFailure load-failed
> boot
> reload
[Loading] Scanning directory /home/camilo/playconf/project
[Loading] Found non-root projects 
[Loading] Done in /home/camilo/playconf/project, returning: ()
deducing auto plugins based on known facts Set(Atom(sbt.plugins.CorePlugin)) and clauses Clauses(List(Clause(Atom(sbt.plugins.JvmPlugin),Set(Atom(sbt.plugins.IvyPlugin))), Clause(Atom(sbt.plugins.JUnitXmlReportPlugin),Set(Atom(sbt.plugins.JvmPlugin))), Clause(Atom(sbt.plugins.CorePlugin),Set(Atom(sbt.plugins.IvyPlugin))), Clause(Atom(sbt.plugins.IvyPlugin),Set(Atom(sbt.plugins.JvmPlugin))), Clause(Atom(sbt.plugins.JvmPlugin),Set(Atom(sbt.plugins.JUnitXmlReportPlugin)))))
  :: deduced result: Matched(sbt.plugins.CorePlugin,sbt.plugins.IvyPlugin,sbt.plugins.JvmPlugin,sbt.plugins.JUnitXmlReportPlugin)
sorting: ns: List(sbt.plugins.CorePlugin, sbt.plugins.IvyPlugin, sbt.plugins.JvmPlugin, sbt.plugins.JUnitXmlReportPlugin)
  :: sorting:: found: List(sbt.plugins.CorePlugin) not found List(sbt.plugins.IvyPlugin, sbt.plugins.JvmPlugin, sbt.plugins.JUnitXmlReportPlugin)
  :: sorting:: found: List(sbt.plugins.CorePlugin, sbt.plugins.IvyPlugin) not found List(sbt.plugins.JvmPlugin, sbt.plugins.JUnitXmlReportPlugin)
  :: sorting:: found: List(sbt.plugins.CorePlugin, sbt.plugins.IvyPlugin, sbt.plugins.JvmPlugin) not found List(sbt.plugins.JUnitXmlReportPlugin)
  :: sorting:: found: List(sbt.plugins.CorePlugin, sbt.plugins.IvyPlugin, sbt.plugins.JvmPlugin, sbt.plugins.JUnitXmlReportPlugin) not found List()
  :: sorted deduced result: List(sbt.plugins.CorePlugin, sbt.plugins.IvyPlugin, sbt.plugins.JvmPlugin, sbt.plugins.JUnitXmlReportPlugin)
[Loading] Done in /home/camilo/playconf/project, returning: (playconf-build)
Loading project definition from /home/camilo/playconf/project
Running task... Cancel: sbt.TaskCancellationStrategy$Null$@ef16ba7, check cycles: false

Initial source changes: 
	removed:Set()
	added: Set()
	modified: Set()
Removed products: Set()
External API changes: API Changes: Set()
Modified binary dependencies: Set()
Initial directly invalidated sources: Set()

Sources indirectly invalidated by:
	product: Set()
	binary dep: Set()
	external source: Set()
All initially invalidated sources: Set()

Copy resource mappings: 
	
[Loading] Scanning directory /home/camilo/playconf
[Loading] Found non-root projects 
[Loading] Done in /home/camilo/playconf, returning: ()
deducing auto plugins based on known facts Set(Atom(sbt.plugins.CorePlugin)) and clauses Clauses(List(Clause(Atom(sbt.plugins.JvmPlugin),Set(Atom(sbt.plugins.IvyPlugin))), Clause(Atom(sbt.plugins.JUnitXmlReportPlugin),Set(Atom(sbt.plugins.JvmPlugin))), Clause(Atom(sbt.plugins.BackgroundRunPlugin),Set(Atom(sbt.plugins.JvmPlugin))), Clause(Atom(sbt.plugins.CorePlugin),Set(Atom(sbt.plugins.IvyPlugin))), Clause(Atom(sbt.plugins.IvyPlugin),Set(Atom(sbt.plugins.JvmPlugin))), Clause(Atom(sbt.plugins.JvmPlugin),Set(Atom(sbt.plugins.JUnitXmlReportPlugin))), Clause(Atom(sbt.plugins.JvmPlugin),Set(Atom(sbt.plugins.BackgroundRunPlugin))), Clause(Atom(sbt.plugins.CorePlugin),Set(Atom(sbt.plugins.InteractionServicePlugin))), Clause(Atom(sbt.plugins.CorePlugin),Set(Atom(sbt.plugins.SendEventServicePlugin))), Clause(Atom(sbt.plugins.CorePlugin),Set(Atom(sbt.plugins.SerializersPlugin)))))
  :: deduced result: Matched(sbt.plugins.CorePlugin,sbt.plugins.SerializersPlugin,sbt.plugins.SendEventServicePlugin,sbt.plugins.InteractionServicePlugin,sbt.plugins.IvyPlugin,sbt.plugins.JvmPlugin,sbt.plugins.BackgroundRunPlugin,sbt.plugins.JUnitXmlReportPlugin)
sorting: ns: List(sbt.plugins.CorePlugin, sbt.plugins.SerializersPlugin, sbt.plugins.SendEventServicePlugin, sbt.plugins.InteractionServicePlugin, sbt.plugins.IvyPlugin, sbt.plugins.JvmPlugin, sbt.plugins.BackgroundRunPlugin, sbt.plugins.JUnitXmlReportPlugin)
  :: sorting:: found: List(sbt.plugins.CorePlugin) not found List(sbt.plugins.SerializersPlugin, sbt.plugins.SendEventServicePlugin, sbt.plugins.InteractionServicePlugin, sbt.plugins.IvyPlugin, sbt.plugins.JvmPlugin, sbt.plugins.BackgroundRunPlugin, sbt.plugins.JUnitXmlReportPlugin)
  :: sorting:: found: List(sbt.plugins.CorePlugin, sbt.plugins.SerializersPlugin, sbt.plugins.SendEventServicePlugin, sbt.plugins.InteractionServicePlugin, sbt.plugins.IvyPlugin) not found List(sbt.plugins.JvmPlugin, sbt.plugins.BackgroundRunPlugin, sbt.plugins.JUnitXmlReportPlugin)
  :: sorting:: found: List(sbt.plugins.CorePlugin, sbt.plugins.SerializersPlugin, sbt.plugins.SendEventServicePlugin, sbt.plugins.InteractionServicePlugin, sbt.plugins.IvyPlugin, sbt.plugins.JvmPlugin) not found List(sbt.plugins.BackgroundRunPlugin, sbt.plugins.JUnitXmlReportPlugin)
  :: sorting:: found: List(sbt.plugins.CorePlugin, sbt.plugins.SerializersPlugin, sbt.plugins.SendEventServicePlugin, sbt.plugins.InteractionServicePlugin, sbt.plugins.IvyPlugin, sbt.plugins.JvmPlugin, sbt.plugins.BackgroundRunPlugin, sbt.plugins.JUnitXmlReportPlugin) not found List()
  :: sorted deduced result: List(sbt.plugins.CorePlugin, sbt.plugins.SerializersPlugin, sbt.plugins.SendEventServicePlugin, sbt.plugins.InteractionServicePlugin, sbt.plugins.IvyPlugin, sbt.plugins.JvmPlugin, sbt.plugins.BackgroundRunPlugin, sbt.plugins.JUnitXmlReportPlugin)
[Loading] Done in /home/camilo/playconf, returning: (playconf)
Set current project to hello-play-java (in build file:/home/camilo/playconf/)
Reapplying settings...
Set current project to hello-play-java (in build file:/home/camilo/playconf/)
> iflast shell
> server-send-ready-for-request
> server-handle-next-server-request
> {file:/home/camilo/playconf/}playconf/compile:mainClass
Evaluating tasks: compile:mainClass
Running task... Cancel: sbt.server.ServerTaskCancellation@54611b1c, check cycles: false
Total time: 0 s, completed Dec 18, 2015 3:23:01 AM
> server-post-command-cleanup
> server-handle-next-server-request
> {file:/home/camilo/playconf/}playconf/compile:discoveredMainClasses
Evaluating tasks: compile:discoveredMainClasses
Running task... Cancel: sbt.server.ServerTaskCancellation@b33ee0a, check cycles: false

Initial source changes: 
	removed:Set()
	added: Set()
	modified: Set()
Removed products: Set()
External API changes: API Changes: Set()
Modified binary dependencies: Set()
Initial directly invalidated sources: Set()

Sources indirectly invalidated by:
	product: Set()
	binary dep: Set()
	external source: Set()
All initially invalidated sources: Set()

Total time: 3 s, completed Dec 18, 2015 3:23:04 AM
> server-post-command-cleanup
> server-handle-next-server-request
> {file:/home/camilo/playconf/}playconf/compile:mainClass
Evaluating tasks: compile:mainClass
Running task... Cancel: sbt.server.ServerTaskCancellation@4dfaeba, check cycles: false
Total time: 0 s, completed Dec 18, 2015 3:23:04 AM
> server-post-command-cleanup
> server-handle-next-server-request
> {file:/home/camilo/playconf/}playconf/compile:discoveredMainClasses
Evaluating tasks: compile:discoveredMainClasses
Running task... Cancel: sbt.server.ServerTaskCancellation@64ebc144, check cycles: false

Initial source changes: 
	removed:Set()
	added: Set()
	modified: Set()
Removed products: Set()
External API changes: API Changes: Set()
Modified binary dependencies: Set()
Initial directly invalidated sources: Set()

Sources indirectly invalidated by:
	product: Set()
	binary dep: Set()
	external source: Set()
All initially invalidated sources: Set()

Total time: 0 s, completed Dec 18, 2015 3:23:04 AM
> server-post-command-cleanup
> server-handle-next-server-request
> backgroundRun
Evaluating tasks: compile:backgroundRun
Running task... Cancel: sbt.server.ServerTaskCancellation@a9f7807, check cycles: false

Initial source changes: 
	removed:Set()
	added: Set()
	modified: Set()
Removed products: Set()
External API changes: API Changes: Set()
Modified binary dependencies: Set()
Initial directly invalidated sources: Set()

Sources indirectly invalidated by:
	product: Set()
	binary dep: Set()
	external source: Set()
All initially invalidated sources: Set()

Copy resource mappings: 
	(/home/camilo/playconf/conf/routes,/home/camilo/playconf/target/scala-2.10/classes/routes)
	(/home/camilo/playconf/conf/application.conf,/home/camilo/playconf/target/scala-2.10/classes/application.conf)
Copy play resource mappings: 
	(/home/camilo/playconf/public/images/favicon.png,/home/camilo/playconf/target/scala-2.10/classes/public/images/favicon.png)
Total time: 0 s, completed Dec 18, 2015 3:23:09 AM
> server-post-command-cleanup
> server-handle-next-server-request
Play server process ID is 3207
[info] play - Application started (Prod)
[info] play - Listening for HTTP on /0:0:0:0:0:0:0:0:9000
> compile
Evaluating tasks: compile:compile
Running task... Cancel: sbt.server.ServerTaskCancellation@2d641af0, check cycles: false

Initial source changes: 
	removed:Set()
	added: Set()
	modified: Set(/home/camilo/playconf/target/scala-2.10/src_managed/main/controllers/routes.java, /home/camilo/playconf/target/scala-2.10/src_managed/main/routes_routing.scala, /home/camilo/playconf/target/scala-2.10/src_managed/main/routes_reverseRouting.scala)
Removed products: Set()
External API changes: API Changes: Set()
Modified binary dependencies: Set()
Initial directly invalidated sources: Set(/home/camilo/playconf/target/scala-2.10/src_managed/main/controllers/routes.java, /home/camilo/playconf/target/scala-2.10/src_managed/main/routes_routing.scala, /home/camilo/playconf/target/scala-2.10/src_managed/main/routes_reverseRouting.scala)

Sources indirectly invalidated by:
	product: Set()
	binary dep: Set()
	external source: Set()
All initially invalidated sources: Set(/home/camilo/playconf/target/scala-2.10/src_managed/main/controllers/routes.java, /home/camilo/playconf/target/scala-2.10/src_managed/main/routes_routing.scala, /home/camilo/playconf/target/scala-2.10/src_managed/main/routes_reverseRouting.scala)

Read from stdout: Compiling 2 Scala sources and 1 Java source to /home/camilo/playconf/target/scala-2.10/classes...
Compiling 2 Scala sources and 1 Java source to /home/camilo/playconf/target/scala-2.10/classes...
Getting compiler-interface from component compiler for Scala 2.10.3
Other repositories:
Default repositories:
Getting compiler-interface from component compiler for Scala 2.10.3
Other repositories:
Default repositories:
Running cached compiler 3c0dd664, interfacing (CompilerInterface) with Scala compiler version 2.10.3
Calling Scala compiler with arguments  (CompilerInterface):
	-deprecation
	-unchecked
	-encoding
	utf8
	-bootclasspath
	/usr/lib/jvm/java-8-oracle/jre/lib/resources.jar:/usr/lib/jvm/java-8-oracle/jre/lib/rt.jar:/usr/lib/jvm/java-8-oracle/jre/lib/sunrsasign.jar:/usr/lib/jvm/java-8-oracle/jre/lib/jsse.jar:/usr/lib/jvm/java-8-oracle/jre/lib/jce.jar:/usr/lib/jvm/java-8-oracle/jre/lib/charsets.jar:/usr/lib/jvm/java-8-oracle/jre/lib/jfr.jar:/usr/lib/jvm/java-8-oracle/jre/classes:/home/camilo/Play_tutorial/activator-dist-1.3.7/repository/org.scala-lang/scala-library/2.10.3/jars/scala-library.jar
	-classpath
	/home/camilo/playconf/target/scala-2.10/classes:/home/camilo/.ivy2/cache/org.webjars/webjars-play_2.10/jars/webjars-play_2.10-2.2.2.jar:/home/camilo/.ivy2/cache/org.webjars/requirejs/jars/requirejs-2.1.10.jar:/home/camilo/.ivy2/cache/org.webjars/webjars-locator/jars/webjars-locator-0.13.jar:/home/camilo/Play_tutorial/activator-dist-1.3.7/repository/org.slf4j/slf4j-api/1.7.5/jars/slf4j-api.jar:/home/camilo/.ivy2/cache/org.webjars/bootstrap/jars/bootstrap-2.3.1.jar:/home/camilo/Play_tutorial/activator-dist-1.3.7/repository/org.webjars/jquery/1.9.0/jars/jquery.jar:/home/camilo/.ivy2/cache/com.typesafe.play/play_2.10/jars/play_2.10-2.2.2.jar:/home/camilo/.ivy2/cache/com.typesafe.play/sbt-link/jars/sbt-link-2.2.2.jar:/home/camilo/.ivy2/cache/org.javassist/javassist/bundles/javassist-3.18.0-GA.jar:/home/camilo/.ivy2/cache/com.typesafe.play/play-exceptions/jars/play-exceptions-2.2.2.jar:/home/camilo/.ivy2/cache/com.typesafe.play/templates_2.10/jars/templates_2.10-2.2.2.jar:/home/camilo/.ivy2/cache/com.github.scala-incubator.io/scala-io-file_2.10/jars/scala-io-file_2.10-0.4.2.jar:/home/camilo/.ivy2/cache/com.github.scala-incubator.io/scala-io-core_2.10/jars/scala-io-core_2.10-0.4.2.jar:/home/camilo/.ivy2/cache/com.jsuereth/scala-arm_2.10/jars/scala-arm_2.10-1.3.jar:/home/camilo/.ivy2/cache/com.typesafe.play/play-iteratees_2.10/jars/play-iteratees_2.10-2.2.2.jar:/home/camilo/.ivy2/cache/org.scala-stm/scala-stm_2.10/jars/scala-stm_2.10-0.7.jar:/home/camilo/.ivy2/cache/com.typesafe/config/bundles/config-1.0.2.jar:/home/camilo/.ivy2/cache/com.typesafe.play/play-json_2.10/jars/play-json_2.10-2.2.2.jar:/home/camilo/.ivy2/cache/com.typesafe.play/play-functional_2.10/jars/play-functional_2.10-2.2.2.jar:/home/camilo/.ivy2/cache/com.typesafe.play/play-datacommons_2.10/jars/play-datacommons_2.10-2.2.2.jar:/home/camilo/.ivy2/cache/joda-time/joda-time/jars/joda-time-2.2.jar:/home/camilo/.ivy2/cache/org.joda/joda-convert/jars/joda-convert-1.3.1.jar:/home/camilo/.ivy2/cache/com.fasterxml.jackson.core/jackson-annotations/jars/jackson-annotations-2.2.2.jar:/home/camilo/.ivy2/cache/com.fasterxml.jackson.core/jackson-core/jars/jackson-core-2.2.2.jar:/home/camilo/.ivy2/cache/com.fasterxml.jackson.core/jackson-databind/jars/jackson-databind-2.2.2.jar:/home/camilo/.ivy2/cache/org.scala-lang/scala-reflect/jars/scala-reflect-2.10.3.jar:/home/camilo/.ivy2/cache/io.netty/netty/bundles/netty-3.7.0.Final.jar:/home/camilo/.ivy2/cache/com.typesafe.netty/netty-http-pipelining/jars/netty-http-pipelining-1.1.2.jar:/home/camilo/.ivy2/cache/org.slf4j/jul-to-slf4j/jars/jul-to-slf4j-1.7.5.jar:/home/camilo/.ivy2/cache/org.slf4j/jcl-over-slf4j/jars/jcl-over-slf4j-1.7.5.jar:/home/camilo/.ivy2/cache/ch.qos.logback/logback-core/jars/logback-core-1.0.13.jar:/home/camilo/.ivy2/cache/ch.qos.logback/logback-classic/jars/logback-classic-1.0.13.jar:/home/camilo/.ivy2/cache/com.typesafe.akka/akka-actor_2.10/jars/akka-actor_2.10-2.2.0.jar:/home/camilo/.ivy2/cache/com.typesafe.akka/akka-slf4j_2.10/bundles/akka-slf4j_2.10-2.2.0.jar:/home/camilo/.ivy2/cache/org.apache.commons/commons-lang3/jars/commons-lang3-3.1.jar:/home/camilo/.ivy2/cache/com.ning/async-http-client/jars/async-http-client-1.7.18.jar:/home/camilo/.ivy2/cache/oauth.signpost/signpost-core/jars/signpost-core-1.2.1.2.jar:/home/camilo/.ivy2/cache/commons-codec/commons-codec/jars/commons-codec-1.3.jar:/home/camilo/.ivy2/cache/oauth.signpost/signpost-commonshttp4/jars/signpost-commonshttp4-1.2.1.2.jar:/home/camilo/Play_tutorial/activator-dist-1.3.7/repository/org.apache.httpcomponents/httpcore/4.0.1/jars/httpcore.jar:/home/camilo/Play_tutorial/activator-dist-1.3.7/repository/org.apache.httpcomponents/httpclient/4.0.1/jars/httpclient.jar:/home/camilo/.ivy2/cache/commons-logging/commons-logging/jars/commons-logging-1.1.1.jar:/home/camilo/.ivy2/cache/xerces/xercesImpl/jars/xercesImpl-2.11.0.jar:/home/camilo/.ivy2/cache/xml-apis/xml-apis/jars/xml-apis-1.4.01.jar:/home/camilo/.ivy2/cache/javax.transaction/jta/jars/jta-1.1.jar:/home/camilo/.ivy2/cache/com.typesafe.play/play-java_2.10/jars/play-java_2.10-2.2.2.jar:/home/camilo/Play_tutorial/activator-dist-1.3.7/repository/org.yaml/snakeyaml/1.12/bundles/snakeyaml.jar:/home/camilo/.ivy2/cache/org.hibernate/hibernate-validator/jars/hibernate-validator-5.0.1.Final.jar:/home/camilo/Play_tutorial/activator-dist-1.3.7/repository/javax.validation/validation-api/1.1.0.Final/jars/validation-api.jar:/home/camilo/Play_tutorial/activator-dist-1.3.7/repository/org.jboss.logging/jboss-logging/3.1.1.GA/jars/jboss-logging.jar:/home/camilo/.ivy2/cache/com.fasterxml/classmate/bundles/classmate-0.8.0.jar:/home/camilo/.ivy2/cache/org.springframework/spring-context/jars/spring-context-3.2.3.RELEASE.jar:/home/camilo/.ivy2/cache/org.springframework/spring-core/jars/spring-core-3.2.3.RELEASE.jar:/home/camilo/.ivy2/cache/org.springframework/spring-beans/jars/spring-beans-3.2.3.RELEASE.jar:/home/camilo/.ivy2/cache/org.reflections/reflections/jars/reflections-0.9.8.jar:/home/camilo/.ivy2/cache/dom4j/dom4j/jars/dom4j-1.6.1.jar:/home/camilo/.ivy2/cache/com.google.guava/guava/bundles/guava-14.0.1.jar:/home/camilo/.ivy2/cache/com.google.code.findbugs/jsr305/jars/jsr305-2.0.1.jar:/home/camilo/.ivy2/cache/javax.servlet/javax.servlet-api/jars/javax.servlet-api-3.0.1.jar
Read from stdout: /home/camilo/playconf/conf/routes:5: value welcome is not a member of object controllers.Application
/home/camilo/playconf/conf/routes:5: value welcome is not a member of object controllers.Application
Read from stdout: GET     /welcome/:name              controllers.Application.welcome(name)
GET     /welcome/:name              controllers.Application.welcome(name)
Read from stdout: /home/camilo/playconf/conf/routes:5: value welcome is not a member of object controllers.Application
/home/camilo/playconf/conf/routes:5: value welcome is not a member of object controllers.Application
Read from stdout: GET     /welcome/:name              controllers.Application.welcome(name)
GET     /welcome/:name              controllers.Application.welcome(name)
Read from stdout: two errors found
two errors found
Compilation failed (CompilerInterface)
Read from stdout: (compile:compileIncremental) Compilation failed
(compile:compileIncremental) Compilation failed
Total time: 4 s, completed Dec 18, 2015 3:36:16 AM
> server-post-command-error-handler
> server-post-command-cleanup
> server-handle-next-server-request
> compile
Evaluating tasks: compile:compile
Running task... Cancel: sbt.server.ServerTaskCancellation@3fbf08b6, check cycles: false

Initial source changes: 
	removed:Set()
	added: Set()
	modified: Set(/home/camilo/playconf/target/scala-2.10/src_managed/main/controllers/routes.java, /home/camilo/playconf/target/scala-2.10/src_managed/main/routes_routing.scala, /home/camilo/playconf/app/controllers/Application.java, /home/camilo/playconf/target/scala-2.10/src_managed/main/routes_reverseRouting.scala)
Removed products: Set()
External API changes: API Changes: Set()
Modified binary dependencies: Set()
Initial directly invalidated sources: Set(/home/camilo/playconf/target/scala-2.10/src_managed/main/controllers/routes.java, /home/camilo/playconf/target/scala-2.10/src_managed/main/routes_routing.scala, /home/camilo/playconf/app/controllers/Application.java, /home/camilo/playconf/target/scala-2.10/src_managed/main/routes_reverseRouting.scala)

Sources indirectly invalidated by:
	product: Set()
	binary dep: Set()
	external source: Set()
All initially invalidated sources: Set(/home/camilo/playconf/target/scala-2.10/src_managed/main/controllers/routes.java, /home/camilo/playconf/target/scala-2.10/src_managed/main/routes_routing.scala, /home/camilo/playconf/app/controllers/Application.java, /home/camilo/playconf/target/scala-2.10/src_managed/main/routes_reverseRouting.scala)

Recompiling all 6 sources: invalidated sources (4) exceeded 50.0% of all sources
Read from stdout: Compiling 4 Scala sources and 2 Java sources to /home/camilo/playconf/target/scala-2.10/classes...
Compiling 4 Scala sources and 2 Java sources to /home/camilo/playconf/target/scala-2.10/classes...
Getting compiler-interface from component compiler for Scala 2.10.3
Other repositories:
Default repositories:
Getting compiler-interface from component compiler for Scala 2.10.3
Other repositories:
Default repositories:
Running cached compiler 4c6d7e24, interfacing (CompilerInterface) with Scala compiler version 2.10.3
Calling Scala compiler with arguments  (CompilerInterface):
	-deprecation
	-unchecked
	-encoding
	utf8
	-bootclasspath
	/usr/lib/jvm/java-8-oracle/jre/lib/resources.jar:/usr/lib/jvm/java-8-oracle/jre/lib/rt.jar:/usr/lib/jvm/java-8-oracle/jre/lib/sunrsasign.jar:/usr/lib/jvm/java-8-oracle/jre/lib/jsse.jar:/usr/lib/jvm/java-8-oracle/jre/lib/jce.jar:/usr/lib/jvm/java-8-oracle/jre/lib/charsets.jar:/usr/lib/jvm/java-8-oracle/jre/lib/jfr.jar:/usr/lib/jvm/java-8-oracle/jre/classes:/home/camilo/Play_tutorial/activator-dist-1.3.7/repository/org.scala-lang/scala-library/2.10.3/jars/scala-library.jar
	-classpath
	/home/camilo/playconf/target/scala-2.10/classes:/home/camilo/.ivy2/cache/org.webjars/webjars-play_2.10/jars/webjars-play_2.10-2.2.2.jar:/home/camilo/.ivy2/cache/org.webjars/requirejs/jars/requirejs-2.1.10.jar:/home/camilo/.ivy2/cache/org.webjars/webjars-locator/jars/webjars-locator-0.13.jar:/home/camilo/Play_tutorial/activator-dist-1.3.7/repository/org.slf4j/slf4j-api/1.7.5/jars/slf4j-api.jar:/home/camilo/.ivy2/cache/org.webjars/bootstrap/jars/bootstrap-2.3.1.jar:/home/camilo/Play_tutorial/activator-dist-1.3.7/repository/org.webjars/jquery/1.9.0/jars/jquery.jar:/home/camilo/.ivy2/cache/com.typesafe.play/play_2.10/jars/play_2.10-2.2.2.jar:/home/camilo/.ivy2/cache/com.typesafe.play/sbt-link/jars/sbt-link-2.2.2.jar:/home/camilo/.ivy2/cache/org.javassist/javassist/bundles/javassist-3.18.0-GA.jar:/home/camilo/.ivy2/cache/com.typesafe.play/play-exceptions/jars/play-exceptions-2.2.2.jar:/home/camilo/.ivy2/cache/com.typesafe.play/templates_2.10/jars/templates_2.10-2.2.2.jar:/home/camilo/.ivy2/cache/com.github.scala-incubator.io/scala-io-file_2.10/jars/scala-io-file_2.10-0.4.2.jar:/home/camilo/.ivy2/cache/com.github.scala-incubator.io/scala-io-core_2.10/jars/scala-io-core_2.10-0.4.2.jar:/home/camilo/.ivy2/cache/com.jsuereth/scala-arm_2.10/jars/scala-arm_2.10-1.3.jar:/home/camilo/.ivy2/cache/com.typesafe.play/play-iteratees_2.10/jars/play-iteratees_2.10-2.2.2.jar:/home/camilo/.ivy2/cache/org.scala-stm/scala-stm_2.10/jars/scala-stm_2.10-0.7.jar:/home/camilo/.ivy2/cache/com.typesafe/config/bundles/config-1.0.2.jar:/home/camilo/.ivy2/cache/com.typesafe.play/play-json_2.10/jars/play-json_2.10-2.2.2.jar:/home/camilo/.ivy2/cache/com.typesafe.play/play-functional_2.10/jars/play-functional_2.10-2.2.2.jar:/home/camilo/.ivy2/cache/com.typesafe.play/play-datacommons_2.10/jars/play-datacommons_2.10-2.2.2.jar:/home/camilo/.ivy2/cache/joda-time/joda-time/jars/joda-time-2.2.jar:/home/camilo/.ivy2/cache/org.joda/joda-convert/jars/joda-convert-1.3.1.jar:/home/camilo/.ivy2/cache/com.fasterxml.jackson.core/jackson-annotations/jars/jackson-annotations-2.2.2.jar:/home/camilo/.ivy2/cache/com.fasterxml.jackson.core/jackson-core/jars/jackson-core-2.2.2.jar:/home/camilo/.ivy2/cache/com.fasterxml.jackson.core/jackson-databind/jars/jackson-databind-2.2.2.jar:/home/camilo/.ivy2/cache/org.scala-lang/scala-reflect/jars/scala-reflect-2.10.3.jar:/home/camilo/.ivy2/cache/io.netty/netty/bundles/netty-3.7.0.Final.jar:/home/camilo/.ivy2/cache/com.typesafe.netty/netty-http-pipelining/jars/netty-http-pipelining-1.1.2.jar:/home/camilo/.ivy2/cache/org.slf4j/jul-to-slf4j/jars/jul-to-slf4j-1.7.5.jar:/home/camilo/.ivy2/cache/org.slf4j/jcl-over-slf4j/jars/jcl-over-slf4j-1.7.5.jar:/home/camilo/.ivy2/cache/ch.qos.logback/logback-core/jars/logback-core-1.0.13.jar:/home/camilo/.ivy2/cache/ch.qos.logback/logback-classic/jars/logback-classic-1.0.13.jar:/home/camilo/.ivy2/cache/com.typesafe.akka/akka-actor_2.10/jars/akka-actor_2.10-2.2.0.jar:/home/camilo/.ivy2/cache/com.typesafe.akka/akka-slf4j_2.10/bundles/akka-slf4j_2.10-2.2.0.jar:/home/camilo/.ivy2/cache/org.apache.commons/commons-lang3/jars/commons-lang3-3.1.jar:/home/camilo/.ivy2/cache/com.ning/async-http-client/jars/async-http-client-1.7.18.jar:/home/camilo/.ivy2/cache/oauth.signpost/signpost-core/jars/signpost-core-1.2.1.2.jar:/home/camilo/.ivy2/cache/commons-codec/commons-codec/jars/commons-codec-1.3.jar:/home/camilo/.ivy2/cache/oauth.signpost/signpost-commonshttp4/jars/signpost-commonshttp4-1.2.1.2.jar:/home/camilo/Play_tutorial/activator-dist-1.3.7/repository/org.apache.httpcomponents/httpcore/4.0.1/jars/httpcore.jar:/home/camilo/Play_tutorial/activator-dist-1.3.7/repository/org.apache.httpcomponents/httpclient/4.0.1/jars/httpclient.jar:/home/camilo/.ivy2/cache/commons-logging/commons-logging/jars/commons-logging-1.1.1.jar:/home/camilo/.ivy2/cache/xerces/xercesImpl/jars/xercesImpl-2.11.0.jar:/home/camilo/.ivy2/cache/xml-apis/xml-apis/jars/xml-apis-1.4.01.jar:/home/camilo/.ivy2/cache/javax.transaction/jta/jars/jta-1.1.jar:/home/camilo/.ivy2/cache/com.typesafe.play/play-java_2.10/jars/play-java_2.10-2.2.2.jar:/home/camilo/Play_tutorial/activator-dist-1.3.7/repository/org.yaml/snakeyaml/1.12/bundles/snakeyaml.jar:/home/camilo/.ivy2/cache/org.hibernate/hibernate-validator/jars/hibernate-validator-5.0.1.Final.jar:/home/camilo/Play_tutorial/activator-dist-1.3.7/repository/javax.validation/validation-api/1.1.0.Final/jars/validation-api.jar:/home/camilo/Play_tutorial/activator-dist-1.3.7/repository/org.jboss.logging/jboss-logging/3.1.1.GA/jars/jboss-logging.jar:/home/camilo/.ivy2/cache/com.fasterxml/classmate/bundles/classmate-0.8.0.jar:/home/camilo/.ivy2/cache/org.springframework/spring-context/jars/spring-context-3.2.3.RELEASE.jar:/home/camilo/.ivy2/cache/org.springframework/spring-core/jars/spring-core-3.2.3.RELEASE.jar:/home/camilo/.ivy2/cache/org.springframework/spring-beans/jars/spring-beans-3.2.3.RELEASE.jar:/home/camilo/.ivy2/cache/org.reflections/reflections/jars/reflections-0.9.8.jar:/home/camilo/.ivy2/cache/dom4j/dom4j/jars/dom4j-1.6.1.jar:/home/camilo/.ivy2/cache/com.google.guava/guava/bundles/guava-14.0.1.jar:/home/camilo/.ivy2/cache/com.google.code.findbugs/jsr305/jars/jsr305-2.0.1.jar:/home/camilo/.ivy2/cache/javax.servlet/javax.servlet-api/jars/javax.servlet-api-3.0.1.jar
Scala compilation took 3.119814642 s
Attempting to call com.sun.tools.javac.api.JavacTool@76f4efa1 directly...
Java compilation took 0.773112046 s
Java analysis took 0.117673553 s
Java compile + analysis took 0.895763928 s
Invalidating /home/camilo/playconf/app/controllers/Application.java...
Invalidating (transitively) by inheritance from /home/camilo/playconf/app/controllers/Application.java...
Initial set of included nodes: Set(/home/camilo/playconf/app/controllers/Application.java)
Invalidated by transitive inheritance dependency: Set(/home/camilo/playconf/app/controllers/Application.java)
The /home/camilo/playconf/app/controllers/Application.java source file has the following regular definitions changed:
	welcome.
All member reference dependencies will be considered within this context.
The following modified names cause invalidation of /home/camilo/playconf/target/scala-2.10/src_managed/main/routes_reverseRouting.scala: Set(welcome)
Name hashing optimization doesn't apply to non-Scala dependency: /home/camilo/playconf/app/controllers/Application.java
The following modified names cause invalidation of /home/camilo/playconf/target/scala-2.10/src_managed/main/routes_routing.scala: Set(welcome)
Invalidating /home/camilo/playconf/target/scala-2.10/src_managed/main/routes_reverseRouting.scala...
Invalidating (transitively) by inheritance from /home/camilo/playconf/target/scala-2.10/src_managed/main/routes_reverseRouting.scala...
Initial set of included nodes: Set(/home/camilo/playconf/target/scala-2.10/src_managed/main/routes_reverseRouting.scala)
Invalidated by transitive inheritance dependency: Set(/home/camilo/playconf/target/scala-2.10/src_managed/main/routes_reverseRouting.scala)
The /home/camilo/playconf/target/scala-2.10/src_managed/main/routes_reverseRouting.scala source file has the following regular definitions changed:
	welcome.
All member reference dependencies will be considered within this context.
Name hashing optimization doesn't apply to non-Scala dependency: /home/camilo/playconf/target/scala-2.10/src_managed/main/controllers/routes.java
None of the modified names appears in /home/camilo/playconf/target/scala-2.10/src_managed/main/views/html/main.template.scala. This dependency is not being considered for invalidation.
New invalidations:
	Set(/home/camilo/playconf/target/scala-2.10/src_managed/main/routes_routing.scala, /home/camilo/playconf/target/scala-2.10/src_managed/main/controllers/routes.java)
Initial set of included nodes: Set(/home/camilo/playconf/target/scala-2.10/src_managed/main/routes_routing.scala, /home/camilo/playconf/target/scala-2.10/src_managed/main/controllers/routes.java)
Including /home/camilo/playconf/target/scala-2.10/src_managed/main/routes_reverseRouting.scala by /home/camilo/playconf/target/scala-2.10/src_managed/main/routes_routing.scala
Including /home/camilo/playconf/target/scala-2.10/src_managed/main/controllers/routes.java by /home/camilo/playconf/target/scala-2.10/src_managed/main/routes_reverseRouting.scala
Including /home/camilo/playconf/target/scala-2.10/src_managed/main/views/html/main.template.scala by /home/camilo/playconf/target/scala-2.10/src_managed/main/controllers/routes.java
Including /home/camilo/playconf/target/scala-2.10/src_managed/main/views/html/index.template.scala by /home/camilo/playconf/target/scala-2.10/src_managed/main/views/html/main.template.scala
Including /home/camilo/playconf/app/controllers/Application.java by /home/camilo/playconf/target/scala-2.10/src_managed/main/views/html/index.template.scala
Previously invalidated, but (transitively) depend on new invalidations:
	Set(/home/camilo/playconf/app/controllers/Application.java, /home/camilo/playconf/target/scala-2.10/src_managed/main/routes_reverseRouting.scala)
All newly invalidated sources after taking into account (previously) recompiled sources:Set()

Canceling execution...
Task java.util.concurrent.ExecutorCompletionService$QueueingFuture@1d17d3b2 rejected from java.util.concurrent.ThreadPoolExecutor@6c36b81[Terminated, pool size = 0, active threads = 0, queued tasks = 0, completed tasks = 109]
java.util.concurrent.RejectedExecutionException: Task java.util.concurrent.ExecutorCompletionService$QueueingFuture@1d17d3b2 rejected from java.util.concurrent.ThreadPoolExecutor@6c36b81[Terminated, pool size = 0, active threads = 0, queued tasks = 0, completed tasks = 109]
Use 'last' for the full log.
> server-post-command-error-handler
> server-post-command-cleanup
> server-handle-next-server-request
> jobStop 1
Evaluating tasks: *:jobStop
Running task... Cancel: sbt.server.ServerTaskCancellation@26a29368, check cycles: false
Total time: 0 s, completed Dec 18, 2015 3:37:15 AM
> server-post-command-cleanup
> server-handle-next-server-request
Exception in thread "sbt-bg-threads-1" java.lang.RuntimeException: Nonzero exit code: 1
	at scala.sys.package$.error(package.scala:27)
	at sbt.BuildCommon$$anonfun$toError$1.apply(Defaults.scala:1943)
	at sbt.BuildCommon$$anonfun$toError$1.apply(Defaults.scala:1943)
	at scala.Option.foreach(Option.scala:236)
	at sbt.BuildCommon$class.toError(Defaults.scala:1943)
	at sbt.package$.toError(package.scala:4)
	at sbt.plugins.BackgroundRun$$$$7a35ad7c3e3c86b67367822c77d1e57$$$$onfun$apply$9.apply(BackgroundRunPlugin.scala:53)
	at sbt.plugins.BackgroundRun$$$$7a35ad7c3e3c86b67367822c77d1e57$$$$onfun$apply$9.apply(BackgroundRunPlugin.scala:51)
	at sbt.BackgroundThreadPool$$anonfun$1.apply$mcV$sp(AbstractBackgroundJobService.scala:134)
	at sbt.BackgroundThreadPool$BackgroundRunnable.run(AbstractBackgroundJobService.scala:68)
	at java.util.concurrent.ThreadPoolExecutor.runWorker(ThreadPoolExecutor.java:1142)
	at java.util.concurrent.ThreadPoolExecutor$Worker.run(ThreadPoolExecutor.java:617)
	at java.lang.Thread.run(Thread.java:745)
> compile
Evaluating tasks: compile:compile
Running task... Cancel: sbt.server.ServerTaskCancellation@5e649682, check cycles: false

Initial source changes: 
	removed:Set()
	added: Set()
	modified: Set()
Removed products: Set()
External API changes: API Changes: Set()
Modified binary dependencies: Set()
Initial directly invalidated sources: Set()

Sources indirectly invalidated by:
	product: Set()
	binary dep: Set()
	external source: Set()
All initially invalidated sources: Set()

Total time: 1 s, completed Dec 18, 2015 3:37:19 AM
> server-post-command-cleanup
> server-handle-next-server-request
> backgroundRun
Evaluating tasks: compile:backgroundRun
Running task... Cancel: sbt.server.ServerTaskCancellation@25311ef1, check cycles: false

Initial source changes: 
	removed:Set()
	added: Set()
	modified: Set()
Removed products: Set()
External API changes: API Changes: Set()
Modified binary dependencies: Set()
Initial directly invalidated sources: Set()

Sources indirectly invalidated by:
	product: Set()
	binary dep: Set()
	external source: Set()
All initially invalidated sources: Set()

Copy play resource mappings: 
	(/home/camilo/playconf/public/images/favicon.png,/home/camilo/playconf/target/scala-2.10/classes/public/images/favicon.png)
Copy resource mappings: 
	(/home/camilo/playconf/conf/routes,/home/camilo/playconf/target/scala-2.10/classes/routes)
	(/home/camilo/playconf/conf/application.conf,/home/camilo/playconf/target/scala-2.10/classes/application.conf)
Total time: 1 s, completed Dec 18, 2015 3:37:38 AM
> server-post-command-cleanup
> server-handle-next-server-request
Play server process ID is 3207
This application is already running (Or delete /home/camilo/playconf/RUNNING_PID file).
Exception in thread "sbt-bg-threads-3" java.lang.RuntimeException: Nonzero exit code: -1
	at scala.sys.package$.error(package.scala:27)
	at sbt.BuildCommon$$anonfun$toError$1.apply(Defaults.scala:1943)
	at sbt.BuildCommon$$anonfun$toError$1.apply(Defaults.scala:1943)
	at scala.Option.foreach(Option.scala:236)
	at sbt.BuildCommon$class.toError(Defaults.scala:1943)
	at sbt.package$.toError(package.scala:4)
	at sbt.plugins.BackgroundRun$$$$7a35ad7c3e3c86b67367822c77d1e57$$$$onfun$apply$9.apply(BackgroundRunPlugin.scala:53)
	at sbt.plugins.BackgroundRun$$$$7a35ad7c3e3c86b67367822c77d1e57$$$$onfun$apply$9.apply(BackgroundRunPlugin.scala:51)
	at sbt.BackgroundThreadPool$$anonfun$1.apply$mcV$sp(AbstractBackgroundJobService.scala:134)
	at sbt.BackgroundThreadPool$BackgroundRunnable.run(AbstractBackgroundJobService.scala:68)
	at java.util.concurrent.ThreadPoolExecutor.runWorker(ThreadPoolExecutor.java:1142)
	at java.util.concurrent.ThreadPoolExecutor$Worker.run(ThreadPoolExecutor.java:617)
	at java.lang.Thread.run(Thread.java:745)
> compile
Evaluating tasks: compile:compile
Running task... Cancel: sbt.server.ServerTaskCancellation@5ef34045, check cycles: false

Initial source changes: 
	removed:Set()
	added: Set()
	modified: Set()
Removed products: Set()
External API changes: API Changes: Set()
Modified binary dependencies: Set()
Initial directly invalidated sources: Set()

Sources indirectly invalidated by:
	product: Set()
	binary dep: Set()
	external source: Set()
All initially invalidated sources: Set()

Total time: 1 s, completed Dec 18, 2015 3:38:49 AM
> server-post-command-cleanup
> server-handle-next-server-request
> backgroundRun
Evaluating tasks: compile:backgroundRun
Running task... Cancel: sbt.server.ServerTaskCancellation@251733f6, check cycles: false

Initial source changes: 
	removed:Set()
	added: Set()
	modified: Set()
Removed products: Set()
External API changes: API Changes: Set()
Modified binary dependencies: Set()
Initial directly invalidated sources: Set()

Sources indirectly invalidated by:
	product: Set()
	binary dep: Set()
	external source: Set()
All initially invalidated sources: Set()

Copy play resource mappings: 
	(/home/camilo/playconf/public/images/favicon.png,/home/camilo/playconf/target/scala-2.10/classes/public/images/favicon.png)
Copy resource mappings: 
	(/home/camilo/playconf/conf/routes,/home/camilo/playconf/target/scala-2.10/classes/routes)
	(/home/camilo/playconf/conf/application.conf,/home/camilo/playconf/target/scala-2.10/classes/application.conf)
Total time: 1 s, completed Dec 18, 2015 3:38:53 AM
> server-post-command-cleanup
> server-handle-next-server-request
Play server process ID is 3207
[info] play - Application started (Prod)
[info] play - Listening for HTTP on /0:0:0:0:0:0:0:0:9000
> eclipse
About to create Eclipse project files for your project(s).
Running task... Cancel: sbt.TaskCancellationStrategy$Null$@ef16ba7, check cycles: false

Initial source changes: 
	removed:Set()
	added: Set()
	modified: Set()
Removed products: Set()
External API changes: API Changes: Set()
Modified binary dependencies: Set()
Initial directly invalidated sources: Set()

Sources indirectly invalidated by:
	product: Set()
	binary dep: Set()
	external source: Set()
All initially invalidated sources: Set()

Copy play resource mappings: 
	(/home/camilo/playconf/public/images/favicon.png,/home/camilo/playconf/target/scala-2.10/classes/public/images/favicon.png)
Copy resource mappings: 
	(/home/camilo/playconf/conf/routes,/home/camilo/playconf/target/scala-2.10/classes/routes)
	(/home/camilo/playconf/conf/application.conf,/home/camilo/playconf/target/scala-2.10/classes/application.conf)
Running task... Cancel: sbt.TaskCancellationStrategy$Null$@ef16ba7, check cycles: false
Running task... Cancel: sbt.TaskCancellationStrategy$Null$@ef16ba7, check cycles: false
Running task... Cancel: sbt.TaskCancellationStrategy$Null$@ef16ba7, check cycles: false
External dependencies for configuration 'test' and withSource 'false': Success(List(Lib(/home/camilo/Play_tutorial/activator-dist-1.3.7/repository/org.scala-lang/scala-library/2.10.3/jars/scala-library.jar), Lib(/home/camilo/.ivy2/cache/org.webjars/webjars-play_2.10/jars/webjars-play_2.10-2.2.2.jar), Lib(/home/camilo/.ivy2/cache/org.webjars/requirejs/jars/requirejs-2.1.10.jar), Lib(/home/camilo/.ivy2/cache/org.webjars/webjars-locator/jars/webjars-locator-0.13.jar), Lib(/home/camilo/Play_tutorial/activator-dist-1.3.7/repository/org.slf4j/slf4j-api/1.7.5/jars/slf4j-api.jar), Lib(/home/camilo/.ivy2/cache/org.webjars/bootstrap/jars/bootstrap-2.3.1.jar), Lib(/home/camilo/Play_tutorial/activator-dist-1.3.7/repository/org.webjars/jquery/1.9.0/jars/jquery.jar), Lib(/home/camilo/.ivy2/cache/com.typesafe.play/play_2.10/jars/play_2.10-2.2.2.jar), Lib(/home/camilo/.ivy2/cache/com.typesafe.play/sbt-link/jars/sbt-link-2.2.2.jar), Lib(/home/camilo/.ivy2/cache/org.javassist/javassist/bundles/javassist-3.18.0-GA.jar), Lib(/home/camilo/.ivy2/cache/com.typesafe.play/play-exceptions/jars/play-exceptions-2.2.2.jar), Lib(/home/camilo/.ivy2/cache/com.typesafe.play/templates_2.10/jars/templates_2.10-2.2.2.jar), Lib(/home/camilo/.ivy2/cache/com.github.scala-incubator.io/scala-io-file_2.10/jars/scala-io-file_2.10-0.4.2.jar), Lib(/home/camilo/.ivy2/cache/com.github.scala-incubator.io/scala-io-core_2.10/jars/scala-io-core_2.10-0.4.2.jar), Lib(/home/camilo/.ivy2/cache/com.jsuereth/scala-arm_2.10/jars/scala-arm_2.10-1.3.jar), Lib(/home/camilo/.ivy2/cache/com.typesafe.play/play-iteratees_2.10/jars/play-iteratees_2.10-2.2.2.jar), Lib(/home/camilo/.ivy2/cache/org.scala-stm/scala-stm_2.10/jars/scala-stm_2.10-0.7.jar), Lib(/home/camilo/.ivy2/cache/com.typesafe/config/bundles/config-1.0.2.jar), Lib(/home/camilo/.ivy2/cache/com.typesafe.play/play-json_2.10/jars/play-json_2.10-2.2.2.jar), Lib(/home/camilo/.ivy2/cache/com.typesafe.play/play-functional_2.10/jars/play-functional_2.10-2.2.2.jar), Lib(/home/camilo/.ivy2/cache/com.typesafe.play/play-datacommons_2.10/jars/play-datacommons_2.10-2.2.2.jar), Lib(/home/camilo/.ivy2/cache/joda-time/joda-time/jars/joda-time-2.2.jar), Lib(/home/camilo/.ivy2/cache/org.joda/joda-convert/jars/joda-convert-1.3.1.jar), Lib(/home/camilo/.ivy2/cache/com.fasterxml.jackson.core/jackson-annotations/jars/jackson-annotations-2.2.2.jar), Lib(/home/camilo/.ivy2/cache/com.fasterxml.jackson.core/jackson-core/jars/jackson-core-2.2.2.jar), Lib(/home/camilo/.ivy2/cache/com.fasterxml.jackson.core/jackson-databind/jars/jackson-databind-2.2.2.jar), Lib(/home/camilo/.ivy2/cache/org.scala-lang/scala-reflect/jars/scala-reflect-2.10.3.jar), Lib(/home/camilo/.ivy2/cache/io.netty/netty/bundles/netty-3.7.0.Final.jar), Lib(/home/camilo/.ivy2/cache/com.typesafe.netty/netty-http-pipelining/jars/netty-http-pipelining-1.1.2.jar), Lib(/home/camilo/.ivy2/cache/org.slf4j/jul-to-slf4j/jars/jul-to-slf4j-1.7.5.jar), Lib(/home/camilo/.ivy2/cache/org.slf4j/jcl-over-slf4j/jars/jcl-over-slf4j-1.7.5.jar), Lib(/home/camilo/.ivy2/cache/ch.qos.logback/logback-core/jars/logback-core-1.0.13.jar), Lib(/home/camilo/.ivy2/cache/ch.qos.logback/logback-classic/jars/logback-classic-1.0.13.jar), Lib(/home/camilo/.ivy2/cache/com.typesafe.akka/akka-actor_2.10/jars/akka-actor_2.10-2.2.0.jar), Lib(/home/camilo/.ivy2/cache/com.typesafe.akka/akka-slf4j_2.10/bundles/akka-slf4j_2.10-2.2.0.jar), Lib(/home/camilo/.ivy2/cache/org.apache.commons/commons-lang3/jars/commons-lang3-3.1.jar), Lib(/home/camilo/.ivy2/cache/com.ning/async-http-client/jars/async-http-client-1.7.18.jar), Lib(/home/camilo/.ivy2/cache/oauth.signpost/signpost-core/jars/signpost-core-1.2.1.2.jar), Lib(/home/camilo/.ivy2/cache/oauth.signpost/signpost-commonshttp4/jars/signpost-commonshttp4-1.2.1.2.jar), Lib(/home/camilo/.ivy2/cache/commons-logging/commons-logging/jars/commons-logging-1.1.1.jar), Lib(/home/camilo/.ivy2/cache/xerces/xercesImpl/jars/xercesImpl-2.11.0.jar), Lib(/home/camilo/.ivy2/cache/xml-apis/xml-apis/jars/xml-apis-1.4.01.jar), Lib(/home/camilo/.ivy2/cache/javax.transaction/jta/jars/jta-1.1.jar), Lib(/home/camilo/.ivy2/cache/com.typesafe.play/play-java_2.10/jars/play-java_2.10-2.2.2.jar), Lib(/home/camilo/Play_tutorial/activator-dist-1.3.7/repository/org.yaml/snakeyaml/1.12/bundles/snakeyaml.jar), Lib(/home/camilo/.ivy2/cache/org.hibernate/hibernate-validator/jars/hibernate-validator-5.0.1.Final.jar), Lib(/home/camilo/Play_tutorial/activator-dist-1.3.7/repository/javax.validation/validation-api/1.1.0.Final/jars/validation-api.jar), Lib(/home/camilo/Play_tutorial/activator-dist-1.3.7/repository/org.jboss.logging/jboss-logging/3.1.1.GA/jars/jboss-logging.jar), Lib(/home/camilo/.ivy2/cache/com.fasterxml/classmate/bundles/classmate-0.8.0.jar), Lib(/home/camilo/.ivy2/cache/org.springframework/spring-context/jars/spring-context-3.2.3.RELEASE.jar), Lib(/home/camilo/.ivy2/cache/org.springframework/spring-core/jars/spring-core-3.2.3.RELEASE.jar), Lib(/home/camilo/.ivy2/cache/org.springframework/spring-beans/jars/spring-beans-3.2.3.RELEASE.jar), Lib(/home/camilo/.ivy2/cache/org.reflections/reflections/jars/reflections-0.9.8.jar), Lib(/home/camilo/.ivy2/cache/dom4j/dom4j/jars/dom4j-1.6.1.jar), Lib(/home/camilo/.ivy2/cache/com.google.guava/guava/bundles/guava-14.0.1.jar), Lib(/home/camilo/.ivy2/cache/com.google.code.findbugs/jsr305/jars/jsr305-2.0.1.jar), Lib(/home/camilo/.ivy2/cache/javax.servlet/javax.servlet-api/jars/javax.servlet-api-3.0.1.jar), Lib(/home/camilo/.ivy2/cache/com.typesafe.play/play-test_2.10/jars/play-test_2.10-2.2.2.jar), Lib(/home/camilo/Play_tutorial/activator-dist-1.3.7/repository/junit/junit/4.11/jars/junit.jar), Lib(/home/camilo/Play_tutorial/activator-dist-1.3.7/repository/org.hamcrest/hamcrest-core/1.3/jars/hamcrest-core.jar), Lib(/home/camilo/.ivy2/cache/org.specs2/specs2_2.10/jars/specs2_2.10-2.1.1.jar), Lib(/home/camilo/.ivy2/cache/org.scalaz/scalaz-core_2.10/bundles/scalaz-core_2.10-7.0.2.jar), Lib(/home/camilo/.ivy2/cache/org.scalaz/scalaz-concurrent_2.10/bundles/scalaz-concurrent_2.10-7.0.2.jar), Lib(/home/camilo/.ivy2/cache/org.scalaz/scalaz-effect_2.10/bundles/scalaz-effect_2.10-7.0.2.jar), Lib(/home/camilo/.ivy2/cache/com.novocode/junit-interface/jars/junit-interface-0.10.jar), Lib(/home/camilo/Play_tutorial/activator-dist-1.3.7/repository/org.scala-tools.testing/test-interface/0.5/jars/test-interface.jar), Lib(/home/camilo/.ivy2/cache/org.fluentlenium/fluentlenium-festassert/jars/fluentlenium-festassert-0.8.0.jar), Lib(/home/camilo/.ivy2/cache/org.fluentlenium/fluentlenium-core/jars/fluentlenium-core-0.8.0.jar), Lib(/home/camilo/.ivy2/cache/org.seleniumhq.selenium/selenium-java/jars/selenium-java-2.32.0.jar), Lib(/home/camilo/.ivy2/cache/org.seleniumhq.selenium/selenium-android-driver/jars/selenium-android-driver-2.32.0.jar), Lib(/home/camilo/.ivy2/cache/org.seleniumhq.selenium/selenium-remote-driver/jars/selenium-remote-driver-2.32.0.jar), Lib(/home/camilo/Play_tutorial/activator-dist-1.3.7/repository/cglib/cglib-nodep/2.1_3/jars/cglib-nodep.jar), Lib(/home/camilo/Play_tutorial/activator-dist-1.3.7/repository/org.json/json/20080701/jars/json.jar), Lib(/home/camilo/.ivy2/cache/org.seleniumhq.selenium/selenium-api/jars/selenium-api-2.32.0.jar), Lib(/home/camilo/Play_tutorial/activator-dist-1.3.7/repository/org.apache.httpcomponents/httpclient/4.2.1/jars/httpclient.jar), Lib(/home/camilo/Play_tutorial/activator-dist-1.3.7/repository/org.apache.httpcomponents/httpcore/4.2.1/jars/httpcore.jar), Lib(/home/camilo/Play_tutorial/activator-dist-1.3.7/repository/commons-codec/commons-codec/1.6/jars/commons-codec.jar), Lib(/home/camilo/Play_tutorial/activator-dist-1.3.7/repository/org.apache.commons/commons-exec/1.1/jars/commons-exec.jar), Lib(/home/camilo/Play_tutorial/activator-dist-1.3.7/repository/net.java.dev.jna/jna/3.4.0/jars/jna.jar), Lib(/home/camilo/Play_tutorial/activator-dist-1.3.7/repository/net.java.dev.jna/platform/3.4.0/jars/platform.jar), Lib(/home/camilo/.ivy2/cache/org.seleniumhq.selenium/selenium-chrome-driver/jars/selenium-chrome-driver-2.32.0.jar), Lib(/home/camilo/.ivy2/cache/org.seleniumhq.selenium/selenium-htmlunit-driver/jars/selenium-htmlunit-driver-2.32.0.jar), Lib(/home/camilo/Play_tutorial/activator-dist-1.3.7/repository/net.sourceforge.htmlunit/htmlunit/2.12/jars/htmlunit.jar), Lib(/home/camilo/Play_tutorial/activator-dist-1.3.7/repository/xalan/xalan/2.7.1/jars/xalan.jar), Lib(/home/camilo/Play_tutorial/activator-dist-1.3.7/repository/xalan/serializer/2.7.1/jars/serializer.jar), Lib(/home/camilo/Play_tutorial/activator-dist-1.3.7/repository/commons-collections/commons-collections/3.2.1/jars/commons-collections.jar), Lib(/home/camilo/Play_tutorial/activator-dist-1.3.7/repository/org.apache.httpcomponents/httpmime/4.2.3/jars/httpmime.jar), Lib(/home/camilo/Play_tutorial/activator-dist-1.3.7/repository/net.sourceforge.htmlunit/htmlunit-core-js/2.12/jars/htmlunit-core-js.jar), Lib(/home/camilo/Play_tutorial/activator-dist-1.3.7/repository/net.sourceforge.nekohtml/nekohtml/1.9.18/jars/nekohtml.jar), Lib(/home/camilo/Play_tutorial/activator-dist-1.3.7/repository/net.sourceforge.cssparser/cssparser/0.9.9/jars/cssparser.jar), Lib(/home/camilo/Play_tutorial/activator-dist-1.3.7/repository/org.w3c.css/sac/1.3/jars/sac.jar), Lib(/home/camilo/Play_tutorial/activator-dist-1.3.7/repository/commons-io/commons-io/2.2/jars/commons-io.jar), Lib(/home/camilo/Play_tutorial/activator-dist-1.3.7/repository/org.eclipse.jetty/jetty-websocket/8.1.9.v20130131/jars/jetty-websocket.jar), Lib(/home/camilo/Play_tutorial/activator-dist-1.3.7/repository/org.eclipse.jetty/jetty-util/8.1.9.v20130131/jars/jetty-util.jar), Lib(/home/camilo/Play_tutorial/activator-dist-1.3.7/repository/org.eclipse.jetty/jetty-io/8.1.9.v20130131/jars/jetty-io.jar), Lib(/home/camilo/Play_tutorial/activator-dist-1.3.7/repository/org.eclipse.jetty/jetty-http/8.1.9.v20130131/jars/jetty-http.jar), Lib(/home/camilo/.ivy2/cache/org.seleniumhq.selenium/selenium-firefox-driver/jars/selenium-firefox-driver-2.32.0.jar), Lib(/home/camilo/.ivy2/cache/org.seleniumhq.selenium/selenium-ie-driver/jars/selenium-ie-driver-2.32.0.jar), Lib(/home/camilo/.ivy2/cache/org.seleniumhq.selenium/selenium-iphone-driver/jars/selenium-iphone-driver-2.32.0.jar), Lib(/home/camilo/.ivy2/cache/org.seleniumhq.selenium/selenium-safari-driver/jars/selenium-safari-driver-2.32.0.jar), Lib(/home/camilo/Play_tutorial/activator-dist-1.3.7/repository/org.webbitserver/webbit/0.4.14/jars/webbit.jar), Lib(/home/camilo/.ivy2/cache/org.seleniumhq.selenium/selenium-support/jars/selenium-support-2.32.0.jar), Lib(/home/camilo/Play_tutorial/activator-dist-1.3.7/repository/org.easytesting/fest-assert/1.4/jars/fest-assert.jar), Lib(/home/camilo/Play_tutorial/activator-dist-1.3.7/repository/org.easytesting/fest-util/1.1.6/jars/fest-util.jar)))
Project dependencies for configuration 'compile': Success(List())
Project dependencies for configuration 'test': Success(List())
Running task... Cancel: sbt.TaskCancellationStrategy$Null$@ef16ba7, check cycles: false

Initial source changes: 
	removed:Set()
	added: Set()
	modified: Set()
Removed products: Set()
External API changes: API Changes: Set()
Modified binary dependencies: Set()
Initial directly invalidated sources: Set()

Sources indirectly invalidated by:
	product: Set()
	binary dep: Set()
	external source: Set()
All initially invalidated sources: Set()

Running task... Cancel: sbt.TaskCancellationStrategy$Null$@ef16ba7, check cycles: false
Successfully created Eclipse project files for project(s):
hello-play-java
> server-post-command-cleanup
> server-handle-next-server-request
> jobStop 3
Evaluating tasks: *:jobStop
Running task... Cancel: sbt.server.ServerTaskCancellation@1d2d5b1a, check cycles: false
Total time: 0 s, completed Dec 18, 2015 3:44:13 AM
> server-post-command-cleanup
> server-handle-next-server-request
Exception in thread "sbt-bg-threads-5" java.lang.RuntimeException: Nonzero exit code: 1
	at scala.sys.package$.error(package.scala:27)
	at sbt.BuildCommon$$anonfun$toError$1.apply(Defaults.scala:1943)
	at sbt.BuildCommon$$anonfun$toError$1.apply(Defaults.scala:1943)
	at scala.Option.foreach(Option.scala:236)
	at sbt.BuildCommon$class.toError(Defaults.scala:1943)
	at sbt.package$.toError(package.scala:4)
	at sbt.plugins.BackgroundRun$$$$7a35ad7c3e3c86b67367822c77d1e57$$$$onfun$apply$9.apply(BackgroundRunPlugin.scala:53)
	at sbt.plugins.BackgroundRun$$$$7a35ad7c3e3c86b67367822c77d1e57$$$$onfun$apply$9.apply(BackgroundRunPlugin.scala:51)
	at sbt.BackgroundThreadPool$$anonfun$1.apply$mcV$sp(AbstractBackgroundJobService.scala:134)
	at sbt.BackgroundThreadPool$BackgroundRunnable.run(AbstractBackgroundJobService.scala:68)
	at java.util.concurrent.ThreadPoolExecutor.runWorker(ThreadPoolExecutor.java:1142)
	at java.util.concurrent.ThreadPoolExecutor$Worker.run(ThreadPoolExecutor.java:617)
	at java.lang.Thread.run(Thread.java:745)
